<?xml version="1.0" encoding="UTF-8"?>
<!-- Generated by org.testng.reporters.JUnitReportReporter -->
<testsuite hostname="LAPTOP-49O6A011" failures="0" tests="1" name="ALLTestNG.UnitTesting" time="2.924" errors="0" timestamp="05 Sep 2022 04:51:31 GMT" skipped="0">
  <testcase classname="ALLTestNG.UnitTesting" name="getMyFunctionSetOne" time="2.924"/>
</testsuite> <!-- ALLTestNG.UnitTesting -->
