<?xml version="1.0" encoding="UTF-8"?>
<!-- Generated by org.testng.reporters.JUnitReportReporter -->
<testsuite hostname="LAPTOP-49O6A011" failures="0" tests="1" name="ALLTestNG.TestNGclaSS_C" time="0.031" errors="0" timestamp="05 Sep 2022 00:44:05 GMT" skipped="0">
  <testcase classname="ALLTestNG.TestNGclaSS_C" name="getMyReturn" time="0.031"/>
</testsuite> <!-- ALLTestNG.TestNGclaSS_C -->
