<?xml version="1.0" encoding="UTF-8"?>
<!-- Generated by org.testng.reporters.JUnitReportReporter -->
<testsuite hostname="LAPTOP-49O6A011" failures="0" tests="2" name="ALLTestNG.TestNGclaSS_A" time="0.025" errors="0" timestamp="05 Sep 2022 00:44:05 GMT" skipped="0">
  <testcase classname="ALLTestNG.TestNGclaSS_A" name="getMyPayment" time="0.016"/>
  <testcase classname="ALLTestNG.TestNGclaSS_A" name="getMyDelivery" time="0.009"/>
</testsuite> <!-- ALLTestNG.TestNGclaSS_A -->
