<?xml version="1.0" encoding="UTF-8"?>
<!-- Generated by org.testng.reporters.JUnitReportReporter -->
<testsuite hostname="LAPTOP-49O6A011" failures="0" tests="1" name="ALLTestNG.TestNGclaSS_B" time="0.013" errors="0" timestamp="05 Sep 2022 00:44:05 GMT" skipped="0">
  <testcase classname="ALLTestNG.TestNGclaSS_B" name="getMyLabel" time="0.013"/>
</testsuite> <!-- ALLTestNG.TestNGclaSS_B -->
