<?xml version="1.0" encoding="UTF-8"?>
<!-- Generated by org.testng.reporters.JUnitReportReporter -->
<testsuite hostname="LAPTOP-49O6A011" failures="0" tests="2" name="ALLTestNG.TestNGpaRallelTest" time="76.109" errors="0" timestamp="05 Sep 2022 01:04:43 GMT" skipped="0">
  <testcase classname="ALLTestNG.TestNGpaRallelTest" name="chrome2" time="39.877"/>
  <testcase classname="ALLTestNG.TestNGpaRallelTest" name="chromeOne" time="36.232"/>
</testsuite> <!-- ALLTestNG.TestNGpaRallelTest -->
